Info    : Reading '_msh/em_1.msh'...
Info    : 27 entities
Info    : 11893 nodes
Info    : 9528 elements
Info    : Done reading '_msh/em_1.msh'
Info    : Reading '_msh/em_1.msh'...
Info    : 27 entities
Info    : 11893 nodes
Info    : 9528 elements
Info    : Done reading '_msh/em_1.msh'
Info    : Reading '_msh/em_1.msh'...
Info    : 27 entities
Info    : 11893 nodes
Info    : 9528 elements
Info    : Done reading '_msh/em_1.msh'
Info    : Reading '_msh/em_1.msh'...
Info    : 27 entities
Info    : 11893 nodes
Info    : 9528 elements
Info    : Done reading '_msh/em_1.msh'
Info    : Reading '_msh/em_1.msh'...
Info    : 27 entities
Info    : 11893 nodes
Info    : 9528 elements
Info    : Done reading '_msh/em_1.msh'
Info    : Reading '_msh/em_1.msh'...
Info    : 27 entities
Info    : 11893 nodes
Info    : 9528 elements
Info    : Done reading '_msh/em_1.msh'
Info    : Reading '_msh/em_1.msh'...
Info    : 27 entities
Info    : 11893 nodes
Info    : 9528 elements
Info    : Done reading '_msh/em_1.msh'
Info    : Reading '_msh/em_1.msh'...
Info    : 27 entities
Info    : 11893 nodes
Info    : 9528 elements
Info    : Done reading '_msh/em_1.msh'
Info    : Reading '_msh/em_1.msh'...
Info    : 27 entities
Info    : 11893 nodes
Info    : 9528 elements
Info    : Done reading '_msh/em_1.msh'
Info    : Reading '_msh/em_1.msh'...
Info    : 27 entities
Info    : 11893 nodes
Info    : 9528 elements
Info    : Done reading '_msh/em_1.msh'
Info    : Reading '_msh/em_1.msh'...
Info    : 27 entities
Info    : 11893 nodes
Info    : 9528 elements
Info    : Done reading '_msh/em_1.msh'
Info    : Reading '_msh/em_1.msh'...
Info    : 27 entities
Info    : 11893 nodes
Info    : 9528 elements
Info    : Done reading '_msh/em_1.msh'
Info    : Reading '_msh/em_1.msh'...
Info    : 27 entities
Info    : 11893 nodes
Info    : 9528 elements
Info    : Done reading '_msh/em_1.msh'
Info    : Reading '_msh/em_1.msh'...
Info    : 27 entities
Info    : 11893 nodes
Info    : 9528 elements
Info    : Done reading '_msh/em_1.msh'
Info    : Reading '_msh/em_1.msh'...
Info    : 27 entities
Info    : 11893 nodes
Info    : 9528 elements
Info    : Done reading '_msh/em_1.msh'
Info    : Reading '_msh/em_1.msh'...
Info    : 27 entities
Info    : 11893 nodes
Info    : 9528 elements
Info    : Done reading '_msh/em_1.msh'
Info    : Reading '_msh/em_1.msh'...
Info    : 27 entities
Info    : 11893 nodes
Info    : 9528 elements
Info    : Done reading '_msh/em_1.msh'
Info    : Reading '_msh/em_1.msh'...
Info    : 27 entities
Info    : 11893 nodes
Info    : 9528 elements
Info    : Done reading '_msh/em_1.msh'
	 ~> Test: test
APPLY 20% DISP | val ~ 0.0
SOLVED 0% IN:2, True
0.0
APPLY 20% DISP | val ~ 550.0
SOLVED 5% IN:4, True
2.4366352315515427
APPLY 20% DISP | val ~ 1100.0
SOLVED 10% IN:5, True
5.272116617002019
APPLY 20% DISP | val ~ 1650.0
SOLVED 15% IN:4, True
9.500499961184842
APPLY 20% DISP | val ~ 2200.0
SOLVED 20% IN:6, True
14.392493846640654
APPLY 20% DISP | val ~ 1650.0
SOLVED 15% IN:5, True
9.5005000449535
APPLY 20% DISP | val ~ 1100.0
SOLVED 10% IN:5, True
5.272116617002156
APPLY 20% DISP | val ~ 550.0
SOLVED 5% IN:5, True
2.436635231551493
APPLY 20% DISP | val ~ 0.0
SOLVED 0% IN:4, True
8.821212753995315e-13
	 ~> Test: 0
APPLY 20% DISP | val ~ 0.0
SOLVED 0% IN:2, True
0.0
APPLY 20% DISP | val ~ 550.0
SOLVED 5% IN:4, True
2.434429707657964
APPLY 20% DISP | val ~ 1100.0
SOLVED 10% IN:5, True
4.7308929082565205
APPLY 20% DISP | val ~ 1650.0
SOLVED 15% IN:5, True
15.83208759675098
APPLY 20% DISP | val ~ 2200.0
SOLVED 20% IN:7, True
3053.663872011538
APPLY 20% DISP | val ~ 1650.0
SOLVED 15% IN:10, True
15.832087605483398
APPLY 20% DISP | val ~ 1100.0
SOLVED 10% IN:5, True
4.730892821727485
APPLY 20% DISP | val ~ 550.0
SOLVED 5% IN:5, True
2.4344297074079173
APPLY 20% DISP | val ~ 0.0
SOLVED 0% IN:4, True
3.040245359881676e-10
	 ~> Test: 1
APPLY 20% DISP | val ~ 0.0
SOLVED 0% IN:2, True
0.0
APPLY 20% DISP | val ~ 550.0
SOLVED 5% IN:4, True
2.320171801827032
APPLY 20% DISP | val ~ 1100.0
SOLVED 10% IN:5, True
4.821625845151797
APPLY 20% DISP | val ~ 1650.0
SOLVED 15% IN:5, True
6.188197027663636
APPLY 20% DISP | val ~ 2200.0
	 ~> Test: 2
APPLY 20% DISP | val ~ 0.0
SOLVED 0% IN:2, True
0.0
APPLY 20% DISP | val ~ 550.0
SOLVED 5% IN:4, True
2.3833513309404877
APPLY 20% DISP | val ~ 1100.0
SOLVED 10% IN:5, True
5.117953850705431
APPLY 20% DISP | val ~ 1650.0
SOLVED 15% IN:5, True
8.716798747948628
APPLY 20% DISP | val ~ 2200.0
	 ~> Test: 3
APPLY 20% DISP | val ~ 0.0
SOLVED 0% IN:2, True
0.0
APPLY 20% DISP | val ~ 550.0
SOLVED 5% IN:4, True
2.581382489052735
APPLY 20% DISP | val ~ 1100.0
SOLVED 10% IN:5, True
5.42048191968929
APPLY 20% DISP | val ~ 1650.0
SOLVED 15% IN:5, True
10.900959478034586
APPLY 20% DISP | val ~ 2200.0
	 ~> Test: 4
APPLY 20% DISP | val ~ 0.0
SOLVED 0% IN:2, True
0.0
APPLY 20% DISP | val ~ 550.0
SOLVED 5% IN:4, True
2.5506591813033586
APPLY 20% DISP | val ~ 1100.0
SOLVED 10% IN:5, True
5.360650735192568
APPLY 20% DISP | val ~ 1650.0
SOLVED 15% IN:5, True
41.266599242849544
APPLY 20% DISP | val ~ 2200.0
SOLVED 20% IN:8, True
25348.997140867905
APPLY 20% DISP | val ~ 1650.0
SOLVED 15% IN:9, True
41.26659922069701
APPLY 20% DISP | val ~ 1100.0
SOLVED 10% IN:5, True
5.360650739600738
APPLY 20% DISP | val ~ 550.0
SOLVED 5% IN:5, True
2.5506591813186765
APPLY 20% DISP | val ~ 0.0
SOLVED 0% IN:4, True
3.289836494813902e-11
	 ~> Test: 5
APPLY 20% DISP | val ~ 0.0
SOLVED 0% IN:2, True
0.0
APPLY 20% DISP | val ~ 550.0
SOLVED 5% IN:4, True
2.465775451968275
APPLY 20% DISP | val ~ 1100.0
SOLVED 10% IN:5, True
5.200278451703075
APPLY 20% DISP | val ~ 1650.0
SOLVED 15% IN:5, True
8.933660876563055
APPLY 20% DISP | val ~ 2200.0
	 ~> Test: 6
APPLY 20% DISP | val ~ 0.0
SOLVED 0% IN:2, True
0.0
APPLY 20% DISP | val ~ 550.0
SOLVED 5% IN:4, True
2.5459894254156525
APPLY 20% DISP | val ~ 1100.0
SOLVED 10% IN:5, True
5.3386136748242965
APPLY 20% DISP | val ~ 1650.0
SOLVED 15% IN:5, True
12.624177519383295
APPLY 20% DISP | val ~ 2200.0
SOLVED 20% IN:6, True
833.5734895333433
APPLY 20% DISP | val ~ 1650.0
SOLVED 15% IN:7, True
12.624177518774752
APPLY 20% DISP | val ~ 1100.0
SOLVED 10% IN:5, True
5.338613655669563
APPLY 20% DISP | val ~ 550.0
SOLVED 5% IN:5, True
2.545989425416167
APPLY 20% DISP | val ~ 0.0
SOLVED 0% IN:4, True
3.8471257079017874e-10
	 ~> Test: 7
APPLY 20% DISP | val ~ 0.0
SOLVED 0% IN:2, True
0.0
APPLY 20% DISP | val ~ 550.0
SOLVED 5% IN:4, True
2.456997947222298
APPLY 20% DISP | val ~ 1100.0
SOLVED 10% IN:5, True
4.718061249225565
APPLY 20% DISP | val ~ 1650.0
SOLVED 15% IN:5, True
53.212458088487104
APPLY 20% DISP | val ~ 2200.0
	 ~> Test: 8
APPLY 20% DISP | val ~ 0.0
SOLVED 0% IN:2, True
0.0
APPLY 20% DISP | val ~ 550.0
SOLVED 5% IN:4, True
2.504650693384383
APPLY 20% DISP | val ~ 1100.0
SOLVED 10% IN:5, True
5.051324241141147
APPLY 20% DISP | val ~ 1650.0
SOLVED 15% IN:5, True
37.613937526544895
APPLY 20% DISP | val ~ 2200.0
	 ~> Test: 9
APPLY 20% DISP | val ~ 0.0
SOLVED 0% IN:2, True
0.0
APPLY 20% DISP | val ~ 550.0
SOLVED 5% IN:4, True
2.474274913011152
APPLY 20% DISP | val ~ 1100.0
SOLVED 10% IN:5, True
5.387543642244
APPLY 20% DISP | val ~ 1650.0
SOLVED 15% IN:5, True
9.595827571085367
APPLY 20% DISP | val ~ 2200.0
SOLVED 20% IN:7, True
19.226404609559523
APPLY 20% DISP | val ~ 1650.0
SOLVED 15% IN:7, True
9.595827561984917
APPLY 20% DISP | val ~ 1100.0
SOLVED 10% IN:5, True
5.387543642201262
APPLY 20% DISP | val ~ 550.0
SOLVED 5% IN:5, True
2.4742749130101385
APPLY 20% DISP | val ~ 0.0
SOLVED 0% IN:4, True
3.2658705849119454e-11
	 ~> Test: 10
APPLY 20% DISP | val ~ 0.0
SOLVED 0% IN:2, True
0.0
APPLY 20% DISP | val ~ 550.0
SOLVED 5% IN:5, True
2.3072524745453062
APPLY 20% DISP | val ~ 1100.0
SOLVED 10% IN:6, True
4.087695666564568
APPLY 20% DISP | val ~ 1650.0
SOLVED 15% IN:5, True
4.049540987495769
APPLY 20% DISP | val ~ 2200.0
SOLVED 20% IN:9, True
969.075923453544
APPLY 20% DISP | val ~ 1650.0
SOLVED 15% IN:16, True
4.04954195709198
APPLY 20% DISP | val ~ 1100.0
SOLVED 10% IN:5, True
4.087695414663816
APPLY 20% DISP | val ~ 550.0
SOLVED 5% IN:5, True
2.3072524231730966
APPLY 20% DISP | val ~ 0.0
SOLVED 0% IN:5, True
5.167949968257544e-12
	 ~> Test: 11
APPLY 20% DISP | val ~ 0.0
SOLVED 0% IN:2, True
0.0
APPLY 20% DISP | val ~ 550.0
SOLVED 5% IN:4, True
2.4532641068379246
APPLY 20% DISP | val ~ 1100.0
SOLVED 10% IN:5, True
5.210458940370997
APPLY 20% DISP | val ~ 1650.0
SOLVED 15% IN:5, True
9.097735803243735
APPLY 20% DISP | val ~ 2200.0
	 ~> Test: 12
APPLY 20% DISP | val ~ 0.0
SOLVED 0% IN:2, True
0.0
APPLY 20% DISP | val ~ 550.0
SOLVED 5% IN:4, True
2.4550921880130034
APPLY 20% DISP | val ~ 1100.0
SOLVED 10% IN:5, True
5.182538509829214
APPLY 20% DISP | val ~ 1650.0
SOLVED 15% IN:5, True
6.247159525116412
APPLY 20% DISP | val ~ 2200.0
	 ~> Test: 13
APPLY 20% DISP | val ~ 0.0
SOLVED 0% IN:2, True
0.0
APPLY 20% DISP | val ~ 550.0
SOLVED 5% IN:4, True
2.4234679824705614
APPLY 20% DISP | val ~ 1100.0
SOLVED 10% IN:5, True
5.162108026220604
APPLY 20% DISP | val ~ 1650.0
SOLVED 15% IN:5, True
8.979701779714652
APPLY 20% DISP | val ~ 2200.0
SOLVED 20% IN:17, True
51.238639036078894
APPLY 20% DISP | val ~ 1650.0
SOLVED 15% IN:12, True
8.979701773476046
APPLY 20% DISP | val ~ 1100.0
SOLVED 10% IN:5, True
5.162108026450394
APPLY 20% DISP | val ~ 550.0
SOLVED 5% IN:5, True
2.4234679823066467
APPLY 20% DISP | val ~ 0.0
SOLVED 0% IN:4, True
1.4299722279930042e-10
	 ~> Test: 14
APPLY 20% DISP | val ~ 0.0
SOLVED 0% IN:2, True
0.0
APPLY 20% DISP | val ~ 550.0
SOLVED 5% IN:4, True
2.5135726228051256
APPLY 20% DISP | val ~ 1100.0
SOLVED 10% IN:5, True
5.459011494996308
APPLY 20% DISP | val ~ 1650.0
SOLVED 15% IN:5, True
10.25609107789165
APPLY 20% DISP | val ~ 2200.0
SOLVED 20% IN:5, True
22.310448938908408
APPLY 20% DISP | val ~ 1650.0
SOLVED 15% IN:5, True
10.256091079584758
APPLY 20% DISP | val ~ 1100.0
SOLVED 10% IN:5, True
5.459011497209785
APPLY 20% DISP | val ~ 550.0
SOLVED 5% IN:5, True
2.513572622794193
APPLY 20% DISP | val ~ 0.0
SOLVED 0% IN:4, True
1.7066097068116862e-10
	 ~> Test: 15
APPLY 20% DISP | val ~ 0.0
SOLVED 0% IN:2, True
0.0
APPLY 20% DISP | val ~ 550.0
SOLVED 5% IN:4, True
2.553900477184117
APPLY 20% DISP | val ~ 1100.0
SOLVED 10% IN:5, True
5.344712578753028
APPLY 20% DISP | val ~ 1650.0
SOLVED 15% IN:5, True
9.269918225983327
APPLY 20% DISP | val ~ 2200.0
	 ~> Test: 16
APPLY 20% DISP | val ~ 0.0
SOLVED 0% IN:2, True
0.0
APPLY 20% DISP | val ~ 550.0
SOLVED 5% IN:4, True
2.432343425775335
APPLY 20% DISP | val ~ 1100.0
SOLVED 10% IN:5, True
4.969341304740184
APPLY 20% DISP | val ~ 1650.0
SOLVED 15% IN:5, True
5.798593498794489
APPLY 20% DISP | val ~ 2200.0
SOLVED 20% IN:6, True
115.42768086274124
APPLY 20% DISP | val ~ 1650.0
SOLVED 15% IN:5, True
5.798593472192877
APPLY 20% DISP | val ~ 1100.0
SOLVED 10% IN:5, True
4.969341305477701
APPLY 20% DISP | val ~ 550.0
SOLVED 5% IN:5, True
2.432343425777622
APPLY 20% DISP | val ~ 0.0
SOLVED 0% IN:4, True
7.681909259239523e-12
 ~> WINS: ['test', '0', '4', '6', '9', '10', '13', '14', '16']
Job ID           : 11447057
Cluster          : spartan
User/Project     : murrayla/punim1102
Nodes            : 2
Wall-clock time  : 06:11:34 / 1-00:00:00

Displaying overall resources usage from 2025-06-17 22:26:44 to 2025-06-18 04:38:18:

NODE            CPU#        TOT%   ( USR   / SYS   / WIO   / IDLE  ) 

spartan-bm192 : 
                CPU# 1    : 97.8   (  96.7 /   1.1 /   0.1 /   2.2 ) 

spartan-bm209 : 
                CPU# 2    : 1.9    (   0.9 /   1.0 /   0.0 /  98.1 ) 


Allocated CPUs            : 2    
  CPUs with usage <25%    : 1    
  CPUs with usage <50%    : 0    
  CPUs with usage >50%    : 1    

Memory used (RAM)         : 0.9%  [10017MB of 1073742MB]

--------------------------------------------

